<?xml version="1.0" encoding="UTF-8"?>
<testng-results ignored="0" total="1" passed="1" failed="0" skipped="0">
  <reporter-output>
  </reporter-output>
  <suite started-at="2024-01-21T03:01:27 IST" name="UkAutomation" finished-at="2024-01-21T03:01:29 IST" duration-ms="2656">
    <groups>
    </groups>
    <test started-at="2024-01-21T03:01:27 IST" name="LoginTest" finished-at="2024-01-21T03:01:29 IST" duration-ms="2656">
      <class name="in.debasish.testCases.LoginTest">
        <test-method is-config="true" signature="setUp()[pri:0, instance:in.debasish.testCases.LoginTest@70efb718]" started-at="2024-01-21T03:01:13 IST" name="setUp" finished-at="2024-01-21T03:01:27 IST" duration-ms="13406" status="PASS">
          <reporter-output>
          </reporter-output>
        </test-method> <!-- setUp -->
        <test-method signature="loginToApp()[pri:0, instance:in.debasish.testCases.LoginTest@70efb718]" started-at="2024-01-21T03:01:27 IST" name="loginToApp" finished-at="2024-01-21T03:01:29 IST" duration-ms="2627" status="PASS">
          <reporter-output>
          </reporter-output>
        </test-method> <!-- loginToApp -->
        <test-method is-config="true" signature="tearDown()[pri:0, instance:in.debasish.testCases.LoginTest@70efb718]" started-at="2024-01-21T03:01:30 IST" name="tearDown" finished-at="2024-01-21T03:01:30 IST" duration-ms="219" status="PASS">
          <reporter-output>
          </reporter-output>
        </test-method> <!-- tearDown -->
      </class> <!-- in.debasish.testCases.LoginTest -->
    </test> <!-- LoginTest -->
  </suite> <!-- UkAutomation -->
</testng-results>
