<?xml version="1.0" encoding="UTF-8"?>
<testng-results ignored="0" total="1" passed="1" failed="0" skipped="0">
  <reporter-output>
  </reporter-output>
  <suite started-at="2024-08-28T16:18:12 IST" name="Default suite" finished-at="2024-08-28T16:18:20 IST" duration-ms="8092">
    <groups>
    </groups>
    <test started-at="2024-08-28T16:18:12 IST" name="Default test" finished-at="2024-08-28T16:18:20 IST" duration-ms="8092">
      <class name="in.debasish.testCases.GetAllItemsTest">
        <test-method is-config="true" signature="setUp()[pri:0, instance:in.debasish.testCases.GetAllItemsTest@53dbe163]" started-at="2024-08-28T16:18:04 IST" name="setUp" finished-at="2024-08-28T16:18:12 IST" duration-ms="7268" status="PASS">
          <reporter-output>
          </reporter-output>
        </test-method> <!-- setUp -->
        <test-method signature="getAlltheContent()[pri:0, instance:in.debasish.testCases.GetAllItemsTest@53dbe163]" started-at="2024-08-28T16:18:12 IST" name="getAlltheContent" finished-at="2024-08-28T16:18:20 IST" duration-ms="8055" status="PASS">
          <reporter-output>
          </reporter-output>
        </test-method> <!-- getAlltheContent -->
        <test-method is-config="true" signature="tearDown()[pri:0, instance:in.debasish.testCases.GetAllItemsTest@53dbe163]" started-at="2024-08-28T16:18:20 IST" name="tearDown" finished-at="2024-08-28T16:18:20 IST" duration-ms="260" status="PASS">
          <reporter-output>
          </reporter-output>
        </test-method> <!-- tearDown -->
      </class> <!-- in.debasish.testCases.GetAllItemsTest -->
    </test> <!-- Default test -->
  </suite> <!-- Default suite -->
</testng-results>
